{
  "RSpec": {
    "coverage": {
      "/app/app/models/csv_import.rb": {
        "lines": [
          1,
          null,
          1,
          null,
          null,
          1,
          1,
          null,
          null,
          3,
          3,
          3,
          3,
          6,
          null,
          null,
          1,
          2,
          null,
          null,
          1,
          8,
          null,
          null,
          1,
          7,
          null,
          null,
          1,
          1,
          null,
          null,
          1,
          7,
          null,
          null,
          null,
          null,
          null,
          1,
          7,
          null,
          null,
          null,
          null,
          null,
          null,
          null,
          null,
          1,
          4,
          null,
          null,
          null,
          null,
          null,
          null,
          1,
          22,
          22,
          22,
          null,
          null,
          null,
          1,
          52,
          40,
          null,
          null,
          1,
          12,
          9,
          9,
          null,
          null,
          1,
          9,
          9,
          null,
          7,
          2,
          5,
          4,
          null,
          1,
          null,
          null,
          null,
          1,
          47,
          null,
          null,
          1,
          50,
          null,
          null
        ]
      },
      "/app/app/models/application_record.rb": {
        "lines": [
          1,
          1,
          null
        ]
      },
      "/app/app/models/employee.rb": {
        "lines": [
          1,
          1,
          null,
          1,
          1,
          null,
          1,
          null,
          null,
          null,
          1,
          null,
          null,
          3,
          3,
          3,
          3,
          1,
          2,
          null,
          null,
          null,
          null,
          1,
          2,
          1,
          null,
          null,
          1,
          1,
          null,
          null,
          1,
          4,
          null,
          null,
          1,
          3,
          null,
          null,
          null,
          1,
          0,
          0,
          null,
          null,
          1,
          1,
          null,
          null,
          1,
          null,
          1,
          406,
          null,
          null,
          null
        ]
      },
      "/app/app/models/response.rb": {
        "lines": [
          1,
          1,
          null,
          null,
          1,
          null,
          null,
          null,
          null,
          null,
          null,
          null,
          null,
          null,
          null,
          1,
          null,
          1,
          null,
          null,
          null,
          null,
          1,
          null,
          1,
          null,
          1,
          null,
          null,
          2,
          1,
          1,
          null,
          1,
          1,
          25,
          25,
          25,
          null,
          1,
          22,
          21,
          9,
          5,
          7,
          null,
          null,
          null,
          1,
          3,
          null,
          null,
          1,
          3,
          null,
          null,
          1,
          6,
          null,
          null,
          null,
          null,
          1,
          24,
          null,
          null,
          1,
          8,
          null,
          null,
          1,
          8,
          null,
          null,
          1,
          5,
          null,
          null,
          1,
          3,
          2,
          null,
          null,
          1,
          6,
          6,
          null,
          null,
          1,
          4,
          null,
          null,
          1,
          null,
          3,
          null,
          null,
          null,
          null,
          null,
          null,
          null,
          null,
          null,
          null,
          1,
          2,
          null,
          null,
          1,
          null,
          1,
          null,
          null,
          null,
          null,
          null,
          null,
          null,
          null,
          null,
          null,
          null,
          null,
          null,
          null,
          null,
          null,
          null,
          null,
          1,
          0,
          0,
          0,
          null,
          null,
          1,
          null,
          1,
          224,
          null,
          null,
          null
        ]
      },
      "/app/app/services/analytics/favorability_service.rb": {
        "lines": [
          1,
          1,
          null,
          1,
          null,
          1,
          null,
          null,
          null,
          null,
          null,
          null,
          null,
          null,
          null,
          1,
          15,
          null,
          null,
          null,
          1,
          19,
          19,
          133,
          null,
          19,
          null,
          null,
          null,
          1,
          134,
          null,
          134,
          0,
          null,
          null,
          null,
          null,
          null,
          null,
          null,
          134,
          134,
          null,
          null,
          134,
          null,
          null,
          null,
          null,
          null,
          null,
          null,
          1,
          6,
          null,
          48,
          48,
          null,
          null,
          null,
          1,
          2,
          2,
          null,
          null,
          null,
          1,
          2,
          2,
          null,
          null,
          null,
          1,
          0,
          0,
          null,
          null,
          null,
          1,
          6,
          6,
          42,
          42,
          6,
          null,
          6,
          null,
          null,
          null,
          1,
          1,
          0,
          0,
          null,
          null,
          1,
          1,
          null,
          1,
          2,
          2,
          null,
          null,
          1,
          null,
          null,
          null,
          null,
          1,
          1,
          null,
          null,
          null,
          1,
          0,
          null,
          null,
          null,
          1,
          0,
          null,
          null,
          null
        ]
      },
      "/app/app/services/analytics/nps_service.rb": {
        "lines": [
          1,
          1,
          null,
          null,
          null,
          null,
          null,
          1,
          25,
          null,
          null,
          null,
          null,
          1,
          22,
          22,
          null,
          22,
          22,
          22,
          null,
          22,
          22,
          22,
          null,
          22,
          null,
          null,
          22,
          null,
          null,
          null,
          null,
          null,
          null,
          null,
          null,
          null,
          null,
          null,
          null,
          null,
          null,
          null,
          null,
          null,
          null,
          null,
          1,
          2,
          null,
          22,
          null,
          null,
          null,
          null,
          null,
          null,
          null,
          1,
          1,
          null,
          null,
          null,
          null,
          null,
          null,
          1,
          1,
          1,
          0,
          0,
          null,
          0,
          0,
          0,
          null,
          0,
          null,
          null,
          null,
          null,
          null,
          null,
          null,
          1,
          null,
          null,
          null,
          1,
          2,
          0,
          0,
          null,
          2,
          2,
          null,
          2,
          11,
          11,
          null,
          null,
          13,
          null,
          null,
          null,
          null,
          1,
          0,
          null,
          null,
          null,
          1,
          0,
          null,
          null,
          null,
          1,
          0,
          null,
          null,
          null,
          1,
          2,
          13,
          null,
          null,
          null,
          1,
          2,
          null,
          null,
          1,
          null,
          1,
          null,
          0,
          null,
          null,
          null,
          null,
          null,
          null,
          null,
          null,
          null,
          1,
          22,
          9,
          3,
          0,
          0,
          10,
          null,
          null,
          null,
          1,
          22,
          4,
          4,
          14,
          null,
          null,
          null,
          null
        ]
      },
      "/app/app/services/csv_importer.rb": {
        "lines": [
          1,
          null,
          1,
          1,
          null,
          1,
          11,
          11,
          null,
          null,
          1,
          11,
          11,
          11,
          11,
          null,
          11,
          null,
          11,
          20,
          null,
          null,
          20,
          20,
          18,
          18,
          null,
          18,
          18,
          null,
          18,
          null,
          null,
          2,
          null,
          null,
          null,
          11,
          null,
          null,
          null,
          null,
          null,
          null,
          1,
          null,
          1,
          20,
          null,
          null,
          null,
          20,
          null,
          null,
          null,
          null,
          null,
          null,
          null,
          null,
          null,
          null,
          null,
          null,
          null,
          null,
          null,
          null,
          null,
          20,
          18,
          null,
          null,
          1,
          626,
          626,
          null,
          null,
          1,
          164,
          164,
          164,
          null,
          null,
          1,
          18,
          18,
          18,
          null,
          null,
          1,
          18,
          null,
          null,
          null,
          null,
          null,
          null,
          null,
          null,
          null,
          null,
          null,
          null,
          null,
          null,
          null,
          null,
          null,
          null,
          null,
          18,
          18,
          null,
          null,
          1,
          0,
          null,
          null,
          1,
          null,
          2,
          null,
          null,
          null,
          null,
          null,
          null
        ]
      },
      "/app/app/services/csv_importer_with_progress.rb": {
        "lines": [
          1,
          null,
          1,
          1,
          null,
          1,
          null,
          1,
          12,
          12,
          null,
          null,
          1,
          12,
          12,
          12,
          12,
          null,
          12,
          null,
          12,
          216,
          null,
          null,
          216,
          216,
          214,
          214,
          null,
          214,
          214,
          null,
          null,
          2,
          null,
          null,
          null,
          216,
          null,
          null,
          null,
          12,
          null,
          12,
          null,
          null,
          null,
          null,
          null,
          null,
          1,
          null,
          1,
          216,
          null,
          null,
          1,
          16,
          null,
          0,
          null,
          null,
          1,
          216,
          null,
          null,
          null,
          216,
          null,
          null,
          null,
          null,
          null,
          null,
          null,
          null,
          null,
          null,
          null,
          null,
          null,
          null,
          null,
          null,
          null,
          216,
          214,
          null,
          null,
          1,
          7094,
          7094,
          null,
          null,
          1,
          1928,
          1928,
          1928,
          null,
          null,
          1,
          214,
          214,
          214,
          null,
          null,
          1,
          214,
          null,
          null,
          null,
          null,
          null,
          null,
          null,
          null,
          null,
          null,
          null,
          null,
          null,
          null,
          null,
          null,
          null,
          null,
          null,
          214,
          214,
          null,
          null,
          1,
          null,
          2,
          null,
          null,
          null,
          null,
          null
        ]
      },
      "/app/app/services/pagination_service.rb": {
        "lines": [
          1,
          1,
          3,
          3,
          3,
          3,
          3,
          3,
          3,
          3,
          null,
          null,
          null
        ]
      },
      "/app/app/services/analytics/dashboard_service.rb": {
        "lines": [
          1,
          1,
          1,
          6,
          6,
          6,
          null,
          null,
          null,
          1,
          null,
          3,
          null,
          null,
          null,
          null,
          null,
          null,
          null,
          null,
          1,
          2,
          null,
          2,
          3,
          3,
          null,
          null,
          3,
          null,
          null,
          null,
          null,
          null,
          null,
          3,
          null,
          null,
          null,
          1,
          null,
          1,
          null,
          null,
          null,
          null,
          null,
          null,
          1,
          null,
          0,
          null,
          null,
          null,
          null,
          null,
          null,
          null,
          1,
          1,
          1,
          null,
          null,
          1,
          null,
          null,
          null,
          null,
          null,
          null,
          null,
          null,
          null,
          null,
          null,
          null,
          null,
          1,
          null,
          1,
          6,
          null,
          6,
          0,
          null,
          null,
          6,
          0,
          null,
          null,
          6,
          0,
          null,
          null,
          6,
          0,
          null,
          null,
          6,
          null,
          null,
          1,
          6,
          null,
          6,
          6,
          null,
          6,
          null,
          null,
          1,
          5,
          5,
          null,
          null,
          null,
          null,
          5,
          null,
          null,
          5,
          null,
          null,
          5,
          null,
          null,
          null,
          null,
          1,
          3,
          3,
          null,
          null,
          null,
          null,
          null,
          3,
          null,
          3,
          null,
          null,
          null,
          1,
          5,
          null,
          null,
          1,
          3,
          null,
          null,
          1,
          null,
          3,
          null,
          null,
          null,
          null,
          null,
          1,
          3,
          null,
          null,
          1,
          3,
          null,
          null,
          1,
          3,
          null,
          null,
          1,
          5,
          null,
          5,
          0,
          0,
          0,
          5,
          null,
          null,
          null,
          1,
          1,
          null,
          0,
          null,
          null,
          null,
          null,
          null,
          null,
          null,
          1,
          0,
          null,
          null,
          1,
          0,
          null,
          0,
          0,
          0,
          null,
          0,
          0,
          null,
          null,
          null,
          null,
          0,
          null,
          0,
          null,
          0,
          null,
          null,
          null,
          null,
          null,
          null,
          null,
          null,
          1,
          0,
          null,
          null,
          1,
          1,
          null,
          null,
          1,
          null,
          null,
          1,
          null,
          1,
          null,
          null,
          null,
          1,
          1,
          null,
          null,
          1,
          1,
          0,
          null,
          null,
          null,
          null,
          null,
          null,
          null,
          1,
          1,
          0,
          null,
          null,
          null,
          null,
          null,
          null,
          null,
          null,
          1,
          1,
          0,
          null,
          null,
          null,
          null,
          null,
          null,
          1,
          null,
          null,
          null
        ]
      }
    },
    "timestamp": 1768737383
  }
}
